<?xml version="1.0" encoding="UTF-8"?>
<!-- Generated by org.testng.reporters.JUnitReportReporter -->
<testsuite hostname="abdulraheemPC" failures="0" tests="5" name="MyTestcases" time="12.535" errors="0" timestamp="2025-09-22T21:03:57 EET" skipped="0">
  <testcase classname="MyTestcases" name="AddNewRecord" time="0.012"/>
  <testcase classname="MyTestcases" name="updateData" time="0.005"/>
  <testcase classname="MyTestcases" name="ReadData" time="0.024"/>
  <testcase classname="MyTestcases" name="deleteData" time="0.006"/>
  <testcase classname="MyTestcases" name="SignupTest" time="12.488"/>
</testsuite> <!-- MyTestcases -->
