<?xml version="1.0" encoding="UTF-8"?>
<!-- Generated by org.testng.reporters.JUnitReportReporter -->
<testsuite hostname="abdulraheemPC" failures="0" tests="4" name="myData" time="0.059" errors="0" timestamp="2025-09-17T21:29:14 EET" skipped="0">
  <testcase classname="myData" name="AddNewRecord" time="0.023"/>
  <testcase classname="myData" name="updateData" time="0.003"/>
  <testcase classname="myData" name="ReadData" time="0.029"/>
  <testcase classname="myData" name="deleteData" time="0.004"/>
</testsuite> <!-- myData -->
